[1] -> doPullItems(printer_2, 8, 1, 1, nil, )
[2] -> pullItemsUnoptimal(printer_2, 8, 1, 1, NONE, )
[7] -> defragItem(computercraft:printed_page, 4342760fa64f10ff6db1cfdcba1caf97, nil, nil, )
[7] defragItem(...) -> table: 260587b8, 
[2] pullItemsUnoptimal(...) -> 1, 
[1] doPullItems(...) -> 1, 
[8] -> doPushItems(minecraft:barrel_3, 1, 1, nil, nil, )
[9] -> pushItemsUnoptimal(minecraft:barrel_3, 1, 1, nil, nil, )
[9] pushItemsUnoptimal(...) -> 1, 
[8] doPushItems(...) -> 1, 
[13] -> doPullItems(printer_2, 8, 1, 1, nil, )
[14] -> pullItemsUnoptimal(printer_2, 8, 1, 1, NONE, )
[18] -> defragItem(computercraft:printed_page, 4342760fa64f10ff6db1cfdcba1caf97, nil, nil, )
[18] defragItem(...) -> table: 31658aa3, 
[14] pullItemsUnoptimal(...) -> 1, 
[13] doPullItems(...) -> 1, 
[19] -> doPushItems(minecraft:barrel_3, 1, 1, nil, nil, )
[20] -> pushItemsUnoptimal(minecraft:barrel_3, 1, 1, nil, nil, )
[20] pushItemsUnoptimal(...) -> 1, 
[19] doPushItems(...) -> 1, 
